0 info it worked if it ends with ok
1 verbose cli [ 'D:\\nodejs\\node.exe',
1 verbose cli   'D:\\nodejs\\node_modules\\npm\\bin\\npm-cli.js',
1 verbose cli   'install',
1 verbose cli   'postgersql' ]
2 info using npm@2.15.1
3 info using node@v4.4.3
4 verbose install initial load of D:\xm\package.json
5 warn package.json xm@1.0.0 No description
6 warn package.json xm@1.0.0 No repository field.
7 warn package.json xm@1.0.0 No README data
8 verbose installManyTop reading scoped package data from D:\xm\node_modules\bcryptjs\package.json
9 verbose installManyTop reading scoped package data from D:\xm\node_modules\body-parser\package.json
10 verbose installManyTop reading scoped package data from D:\xm\node_modules\cookie-session\package.json
11 verbose installManyTop reading scoped package data from D:\xm\node_modules\express\package.json
12 verbose installManyTop reading scoped package data from D:\xm\node_modules\grunt\package.json
13 verbose installManyTop reading scoped package data from D:\xm\node_modules\grunt-concurrent\package.json
14 verbose installManyTop reading scoped package data from D:\xm\node_modules\grunt-contrib-watch\package.json
15 verbose installManyTop reading scoped package data from D:\xm\node_modules\grunt-nodemon\package.json
16 verbose installManyTop reading scoped package data from D:\xm\node_modules\jade\package.json
17 verbose installManyTop reading scoped package data from D:\xm\node_modules\moment\package.json
18 verbose installManyTop reading scoped package data from D:\xm\node_modules\mongoose\package.json
19 verbose installManyTop reading scoped package data from D:\xm\node_modules\morgan\package.json
20 verbose installManyTop reading scoped package data from D:\xm\node_modules\serve-static\package.json
21 verbose installManyTop reading scoped package data from D:\xm\node_modules\underscore\package.json
22 verbose readDependencies loading dependencies from D:\xm\package.json
23 silly cache add args [ 'postgersql', null ]
24 verbose cache add spec postgersql
25 silly cache add parsed spec Result {
25 silly cache add   raw: 'postgersql',
25 silly cache add   scope: null,
25 silly cache add   name: 'postgersql',
25 silly cache add   rawSpec: '',
25 silly cache add   spec: 'latest',
25 silly cache add   type: 'tag' }
26 silly addNamed postgersql@latest
27 verbose addNamed "latest" is being treated as a dist-tag for postgersql
28 info addNameTag [ 'postgersql', 'latest' ]
29 silly mapToRegistry name postgersql
30 silly mapToRegistry using default registry
31 silly mapToRegistry registry https://registry.npmjs.org/
32 silly mapToRegistry data Result {
32 silly mapToRegistry   raw: 'postgersql',
32 silly mapToRegistry   scope: null,
32 silly mapToRegistry   name: 'postgersql',
32 silly mapToRegistry   rawSpec: '',
32 silly mapToRegistry   spec: 'latest',
32 silly mapToRegistry   type: 'tag' }
33 silly mapToRegistry uri https://registry.npmjs.org/postgersql
34 verbose addNameTag registry:https://registry.npmjs.org/postgersql not in flight; fetching
35 verbose request uri https://registry.npmjs.org/postgersql
36 verbose request no auth needed
37 info attempt registry request try #1 at 15:08:01
38 verbose request using bearer token for auth
39 verbose request id 1c75e3834903920d
40 http request GET https://registry.npmjs.org/postgersql
41 http 404 https://registry.npmjs.org/postgersql
42 verbose headers { 'content-type': 'application/json',
42 verbose headers   'cache-control': 'max-age=0',
42 verbose headers   'content-length': '2',
42 verbose headers   'accept-ranges': 'bytes',
42 verbose headers   date: 'Fri, 26 Aug 2016 07:05:57 GMT',
42 verbose headers   via: '1.1 varnish',
42 verbose headers   connection: 'keep-alive',
42 verbose headers   'x-served-by': 'cache-lcy1128-LCY',
42 verbose headers   'x-cache': 'MISS',
42 verbose headers   'x-cache-hits': '0',
42 verbose headers   'x-timer': 'S1472195156.357601,VS0,VE756',
42 verbose headers   vary: 'Accept-Encoding' }
43 silly get cb [ 404,
43 silly get   { 'content-type': 'application/json',
43 silly get     'cache-control': 'max-age=0',
43 silly get     'content-length': '2',
43 silly get     'accept-ranges': 'bytes',
43 silly get     date: 'Fri, 26 Aug 2016 07:05:57 GMT',
43 silly get     via: '1.1 varnish',
43 silly get     connection: 'keep-alive',
43 silly get     'x-served-by': 'cache-lcy1128-LCY',
43 silly get     'x-cache': 'MISS',
43 silly get     'x-cache-hits': '0',
43 silly get     'x-timer': 'S1472195156.357601,VS0,VE756',
43 silly get     vary: 'Accept-Encoding' } ]
44 verbose stack Error: Registry returned 404 for GET on https://registry.npmjs.org/postgersql
44 verbose stack     at makeError (D:\nodejs\node_modules\npm\node_modules\npm-registry-client\lib\request.js:264:12)
44 verbose stack     at CachingRegistryClient.<anonymous> (D:\nodejs\node_modules\npm\node_modules\npm-registry-client\lib\request.js:242:14)
44 verbose stack     at Request._callback (D:\nodejs\node_modules\npm\node_modules\npm-registry-client\lib\request.js:172:14)
44 verbose stack     at Request.self.callback (D:\nodejs\node_modules\npm\node_modules\request\request.js:199:22)
44 verbose stack     at emitTwo (events.js:87:13)
44 verbose stack     at Request.emit (events.js:172:7)
44 verbose stack     at Request.<anonymous> (D:\nodejs\node_modules\npm\node_modules\request\request.js:1036:10)
44 verbose stack     at emitOne (events.js:82:20)
44 verbose stack     at Request.emit (events.js:169:7)
44 verbose stack     at IncomingMessage.<anonymous> (D:\nodejs\node_modules\npm\node_modules\request\request.js:963:12)
45 verbose statusCode 404
46 verbose pkgid postgersql
47 verbose cwd D:\xm
48 error Windows_NT 6.1.7601
49 error argv "D:\\nodejs\\node.exe" "D:\\nodejs\\node_modules\\npm\\bin\\npm-cli.js" "install" "postgersql"
50 error node v4.4.3
51 error npm  v2.15.1
52 error code E404
53 error 404 Registry returned 404 for GET on https://registry.npmjs.org/postgersql
53 error 404
53 error 404 'postgersql' is not in the npm registry.
53 error 404 You should bug the author to publish it (or use the name yourself!)
53 error 404 It was specified as a dependency of 'xm'
53 error 404
53 error 404 Note that you can also install from a
53 error 404 tarball, folder, http url, or git url.
54 verbose exit [ 1, true ]
